\BOOKMARK [1][-]{section.1}{\376\377\127\372\170\100\122\250\122\233\133\146}{}% 1
\BOOKMARK [2][-]{subsection.1.1}{\376\377\155\101\117\123\122\250\122\233\133\146}{section.1}% 2
\BOOKMARK [3][-]{subsubsection.1.1.1}{\376\377\143\317\217\360\145\271\154\325}{subsection.1.1}% 3
\BOOKMARK [3][-]{subsubsection.1.1.2}{\376\377\145\143\136\246\377\014\155\241\136\246\377\014\122\152\122\007\136\224\123\330\163\207}{subsection.1.1}% 4
\BOOKMARK [3][-]{subsubsection.1.1.3}{\376\377\143\247\122\066\145\271\172\013}{subsection.1.1}% 5
\BOOKMARK [3][-]{subsubsection.1.1.4}{\376\377\122\035\131\313\147\141\116\366\124\214\217\271\165\114\147\141\116\366}{subsection.1.1}% 6
\BOOKMARK [3][-]{subsubsection.1.1.5}{\376\377\200\375\221\317\133\210\140\122}{subsection.1.1}% 7
\BOOKMARK [2][-]{subsection.1.2}{\376\377\155\167\155\013\217\321\117\074}{section.1}% 8
\BOOKMARK [3][-]{subsubsection.1.2.1}{\376\377\215\050\221\317\124\214\133\306\136\246}{subsection.1.2}% 9
\BOOKMARK [3][-]{subsubsection.1.2.2}{\376\377\155\167\154\064\217\320\122\250\145\271\172\013\173\200\123\026}{subsection.1.2}% 10
\BOOKMARK [3][-]{subsubsection.1.2.3}{\376\377\217\271\165\114\147\141\116\366}{subsection.1.2}% 11
\BOOKMARK [2][-]{subsection.1.3}{\376\377\131\047\154\024\217\321\117\074}{section.1}% 12
\BOOKMARK [3][-]{subsubsection.1.3.1}{\376\377\164\006\140\363\154\024\117\123}{subsection.1.3}% 13
\BOOKMARK [3][-]{subsubsection.1.3.2}{\376\377\122\006\134\102\131\047\154\024}{subsection.1.3}% 14
\BOOKMARK [3][-]{subsubsection.1.3.3}{\376\377\155\156\122\233\227\007\203\141\124\214\133\371\155\101}{subsection.1.3}% 15
\BOOKMARK [3][-]{subsubsection.1.3.4}{\376\377\227\131\122\233\136\163\210\141}{subsection.1.3}% 16
\BOOKMARK [3][-]{subsubsection.1.3.5}{\376\377\123\213\137\072\127\120\150\007\174\373}{subsection.1.3}% 17
\BOOKMARK [2][-]{subsection.1.4}{\376\377\127\060\164\003\166\204\145\313\217\154\162\171\140\047}{section.1}% 18
\BOOKMARK [3][-]{subsubsection.1.4.1}{\376\377\145\313\217\154\127\120\150\007\174\373}{subsection.1.4}% 19
\BOOKMARK [3][-]{subsubsection.1.4.2}{\376\377\127\060\217\154\136\163\210\141}{subsection.1.4}% 20
\BOOKMARK [3][-]{subsubsection.1.4.3}{\376\377\000T\000a\000y\000l\000o\000r\000-\000P\000r\000o\000u\000n\000d\000m\000a\000n\133\232\164\006}{subsection.1.4}% 21
\BOOKMARK [3][-]{subsubsection.1.4.4}{\376\377\140\357\140\047\227\007\203\141}{subsection.1.4}% 22
\BOOKMARK [2][-]{subsection.1.5}{\376\377\213\376\124\016\116\140\230\230}{section.1}% 23
\BOOKMARK [1][-]{section.2}{\376\377\153\143\123\213\116\016\155\241\145\313\122\250\122\233\133\146}{}% 24
\BOOKMARK [2][-]{subsection.2.1}{\376\377\153\143\123\213\145\271\172\013}{section.2}% 25
\BOOKMARK [3][-]{subsubsection.2.1.1}{\376\377\163\257\155\101}{subsection.2.1}% 26
\BOOKMARK [3][-]{subsubsection.2.1.2}{\376\377\155\241\136\246\116\016\117\115\122\277\155\241\136\246}{subsection.2.1}% 27
\BOOKMARK [3][-]{subsubsection.2.1.3}{\376\377\213\312\145\255\122\233\136\163\210\141}{subsection.2.1}% 28
\BOOKMARK [3][-]{subsubsection.2.1.4}{\376\377\133\232\136\070\227\136\236\317\140\047\155\101}{subsection.2.1}% 29
\BOOKMARK [2][-]{subsection.2.2}{\376\377\155\241\145\313\217\320\122\250}{section.2}% 30
\BOOKMARK [3][-]{subsubsection.2.2.1}{\376\377\160\271\155\241}{subsection.2.2}% 31
\BOOKMARK [3][-]{subsubsection.2.2.2}{\376\377\155\367\154\214\124\214\123\357\230\204\142\245\140\047}{subsection.2.2}% 32
\BOOKMARK [2][-]{subsection.2.3}{\376\377\153\143\123\213\116\016\171\273\137\303\116\015\172\063\133\232}{section.2}% 33
\BOOKMARK [3][-]{subsubsection.2.3.1}{\376\377\155\241\145\313\172\063\133\232\166\204\000R\000a\000y\000l\000e\000i\000g\000h\147\141\116\366}{subsection.2.3}% 34
\BOOKMARK [3][-]{subsubsection.2.3.2}{\376\377\171\273\137\303\116\015\172\063\133\232}{subsection.2.3}% 35
\BOOKMARK [3][-]{subsubsection.2.3.3}{\376\377\136\163\210\114\154\024\155\101\116\055\166\204\153\143\123\213\116\015\172\063\133\232}{subsection.2.3}% 36
\BOOKMARK [2][-]{subsection.2.4}{\376\377\155\241\155\101\166\370\116\222\117\134\165\050}{section.2}% 37
\BOOKMARK [2][-]{subsection.2.5}{\376\377\155\241\145\313\174\230\140\047\123\312\142\151\145\143}{section.2}% 38
\BOOKMARK [2][-]{subsection.2.6}{\376\377\217\336\215\057\155\241\145\313\166\204\121\372\163\260}{section.2}% 39
\BOOKMARK [2][-]{subsection.2.7}{\376\377\116\214\176\364\155\101\122\250}{section.2}% 40
\BOOKMARK [2][-]{subsection.2.8}{\376\377\213\376\124\016\116\140\230\230}{section.2}% 41
\BOOKMARK [1][-]{section.3}{\376\377\145\313\217\154\155\105\154\064\152\041\137\017\124\214\154\342\122\250\122\250\122\233\133\146}{}% 42
\BOOKMARK [2][-]{subsection.3.1}{\376\377\145\313\217\154\155\105\154\064\152\041\137\017}{section.3}% 43
\BOOKMARK [2][-]{subsection.3.2}{\376\377\176\277\140\047\154\342\122\250\211\343}{section.3}% 44
\BOOKMARK [3][-]{subsubsection.3.2.1}{\376\377\127\060\217\154\152\041\140\001}{subsection.3.2}% 45
\BOOKMARK [3][-]{subsubsection.3.2.2}{\376\377\140\357\140\047\221\315\122\233\154\342}{subsection.3.2}% 46
\BOOKMARK [3][-]{subsubsection.3.2.3}{\376\377\000K\000e\000l\000v\000i\000n\154\342}{subsection.3.2}% 47
\BOOKMARK [2][-]{subsection.3.3}{\376\377\162\355\225\177\217\271\165\114\116\013\166\204\000P\000o\000i\000n\000c\000a\000r\000e\154\342\124\214\000K\000e\000l\000v\000i\000n\154\342}{section.3}% 48
\BOOKMARK [2][-]{subsection.3.4}{\376\377\127\060\217\154\220\002\136\224}{section.3}% 49
\BOOKMARK [2][-]{subsection.3.5}{\376\377\221\315\122\233\154\342}{section.3}% 50
\BOOKMARK [2][-]{subsection.3.6}{\376\377\000S\000t\000o\000k\000e\000s\157\002\155\101\124\214\162\151\215\050\217\320\217\223}{section.3}% 51
\BOOKMARK [2][-]{subsection.3.7}{\376\377\121\306\127\060\217\154\217\320\122\250}{section.3}% 52
\BOOKMARK [2][-]{subsection.3.8}{\376\377\000R\000o\000s\000s\000b\000y\154\342}{section.3}% 53
\BOOKMARK [2][-]{subsection.3.9}{\376\377\000R\000o\000s\000s\000b\000y\154\342\166\204\117\040\144\255\124\214\123\315\134\004}{section.3}% 54
\BOOKMARK [3][-]{subsubsection.3.9.1}{\376\377\000b\000e\000t\000a\136\163\227\142\116\012\166\204\155\241\145\313\117\040\144\255}{subsection.3.9}% 55
\BOOKMARK [3][-]{subsubsection.3.9.2}{\376\377\116\034\217\271\165\114\000K\000e\000l\000v\000i\000n\154\342}{subsection.3.9}% 56
\BOOKMARK [3][-]{subsubsection.3.9.3}{\376\377\211\177\217\271\165\114\000K\000e\000l\000v\000i\000n\154\342}{subsection.3.9}% 57
\BOOKMARK [2][-]{subsection.3.10}{\376\377\213\376\124\016\116\140\230\230}{section.3}% 58
\BOOKMARK [1][-]{section.4}{\376\377\145\234\123\213\116\016\140\045\155\101\122\250\122\233\133\146}{}% 59
\BOOKMARK [2][-]{subsection.4.1}{\376\377\122\006\134\102\155\101\117\123\227\131\122\233\133\146\152\041\127\213}{section.4}% 60
\BOOKMARK [3][-]{subsubsection.4.1.1}{\376\377\116\044\134\102\152\041\127\213}{subsection.4.1}% 61
\BOOKMARK [3][-]{subsubsection.4.1.2}{\376\377\000N\134\102\152\041\127\213}{subsection.4.1}% 62
\BOOKMARK [3][-]{subsubsection.4.1.3}{\376\377\127\202\166\364\152\041\140\001}{subsection.4.1}% 63
\BOOKMARK [2][-]{subsection.4.2}{\376\377\145\234\123\213\116\015\172\063\133\232}{section.4}% 64
\BOOKMARK [3][-]{subsubsection.4.2.1}{\376\377\116\015\172\063\133\232\152\041}{subsection.4.2}% 65
\BOOKMARK [3][-]{subsubsection.4.2.2}{\376\377\122\152\122\007\166\370\117\115\120\076\145\234}{subsection.4.2}% 66
\BOOKMARK [3][-]{subsubsection.4.2.3}{\376\377\155\241\122\250\160\355\220\032\221\317}{subsection.4.2}% 67
\BOOKMARK [3][-]{subsubsection.4.2.4}{\376\377\154\342\155\101\166\370\116\222\117\134\165\050}{subsection.4.2}% 68
\BOOKMARK [2][-]{subsection.4.3}{\376\377\142\160\122\250\166\204\145\234\123\213\176\254\124\021\140\045\155\101}{section.4}% 69
\BOOKMARK [2][-]{subsection.4.4}{\376\377\000R\000o\000s\000s\000b\000y\154\342\217\220\134\004\166\204\137\161\124\315}{section.4}% 70
\BOOKMARK [2][-]{subsection.4.5}{\376\377\213\376\124\016\116\140\230\230}{section.4}% 71
\BOOKMARK [1][-]{section.5}{\376\377\217\271\165\114\134\102\116\016\230\316\165\037\163\257\155\101\122\250\122\233\133\146}{}% 72
\BOOKMARK [2][-]{subsection.5.1}{\376\377\210\114\146\037\217\271\165\114\134\102}{section.5}% 73
\BOOKMARK [3][-]{subsubsection.5.1.1}{\376\377\217\271\165\114\134\102\217\321\117\074}{subsection.5.1}% 74
\BOOKMARK [3][-]{subsubsection.5.1.2}{\376\377\122\007\123\330\217\271\165\114\134\102}{subsection.5.1}% 75
\BOOKMARK [3][-]{subsubsection.5.1.3}{\376\377\155\241\174\230\136\246\134\001\225\355\140\047}{subsection.5.1}% 76
\BOOKMARK [3][-]{subsubsection.5.1.4}{\376\377\136\225\217\271\165\114\000E\000k\000m\000a\000n\134\102}{subsection.5.1}% 77
\BOOKMARK [3][-]{subsubsection.5.1.5}{\376\377\155\167\210\150\000E\000k\000m\000a\000n\134\102}{subsection.5.1}% 78
\BOOKMARK [3][-]{subsubsection.5.1.6}{\376\377\155\241\145\313\217\154\121\317\137\061\000\050\000S\000p\000i\000n\000\040\000d\000o\000w\000n\000\051}{subsection.5.1}% 79
\BOOKMARK [3][-]{subsubsection.5.1.7}{\376\377\156\115\155\101\000E\000k\000m\000a\000n\134\102}{subsection.5.1}% 80
\BOOKMARK [2][-]{subsection.5.2}{\376\377\155\167\155\013\230\316\165\037\163\257\155\101\124\214\211\177\217\271\165\114\134\102}{section.5}% 81
\BOOKMARK [3][-]{subsubsection.5.2.1}{\376\377\163\257\155\101\225\356\230\230\166\204\143\320\121\372}{subsection.5.2}% 82
\BOOKMARK [3][-]{subsubsection.5.2.2}{\376\377\121\205\123\072\124\214\217\271\165\114\134\102\163\257\155\101}{subsection.5.2}% 83
\BOOKMARK [3][-]{subsubsection.5.2.3}{\376\377\127\050\133\236\226\105\163\257\155\101\116\055\166\204\136\224\165\050}{subsection.5.2}% 84
\BOOKMARK [3][-]{subsubsection.5.2.4}{\376\377\156\115\155\101\145\234\123\213\230\316\165\037\163\257\155\101}{subsection.5.2}% 85
\BOOKMARK [2][-]{subsection.5.3}{\376\377\213\376\124\016\116\140\230\230}{section.5}% 86
